
==========================================================================
detailed place report_tns
--------------------------------------------------------------------------
tns 0.00

==========================================================================
detailed place report_wns
--------------------------------------------------------------------------
wns 0.00

==========================================================================
detailed place report_worst_slack
--------------------------------------------------------------------------
worst slack 5.87

==========================================================================
detailed place report_checks -path_delay min
--------------------------------------------------------------------------
Startpoint: core.CPU_reset_a2$_DFF_P_
            (rising edge-triggered flip-flop clocked by clk)
Endpoint: core.CPU_reset_a3$_DFF_P_
          (rising edge-triggered flip-flop clocked by clk)
Path Group: clk
Path Type: min

Fanout     Cap    Slew   Delay    Time   Description
-----------------------------------------------------------------------------
                  0.00    0.00    0.00   clock clk (rise edge)
                          3.00    3.00   clock network delay (ideal)
                  0.00    0.00    3.00 ^ core.CPU_reset_a2$_DFF_P_/CLK (sky130_fd_sc_hd__dfxtp_1)
     1    0.00    0.04    0.28    3.28 ^ core.CPU_reset_a2$_DFF_P_/Q (sky130_fd_sc_hd__dfxtp_1)
                                         core.CPU_reset_a2 (net)
                  0.04    0.00    3.28 ^ core.CPU_reset_a3$_DFF_P_/D (sky130_fd_sc_hd__dfxtp_4)
                                  3.28   data arrival time

                  0.00    0.00    0.00   clock clk (rise edge)
                          3.00    3.00   clock network delay (ideal)
                          0.92    3.92   clock uncertainty
                          0.00    3.92   clock reconvergence pessimism
                                  3.92 ^ core.CPU_reset_a3$_DFF_P_/CLK (sky130_fd_sc_hd__dfxtp_4)
                         -0.04    3.89   library hold time
                                  3.89   data required time
-----------------------------------------------------------------------------
                                  3.89   data required time
                                 -3.28   data arrival time
-----------------------------------------------------------------------------
                                 -0.61   slack (VIOLATED)



==========================================================================
detailed place report_checks -path_delay max
--------------------------------------------------------------------------
Startpoint: core.CPU_src1_value_a3[11]$_DFF_P_
            (rising edge-triggered flip-flop clocked by clk)
Endpoint: core.CPU_Xreg_value_a4[9][29]$_SDFFE_PP0P_
          (rising edge-triggered flip-flop clocked by clk)
Path Group: clk
Path Type: max

Fanout     Cap    Slew   Delay    Time   Description
-----------------------------------------------------------------------------
                  0.00    0.00    0.00   clock clk (rise edge)
                          3.00    3.00   clock network delay (ideal)
                  0.00    0.00    3.00 ^ core.CPU_src1_value_a3[11]$_DFF_P_/CLK (sky130_fd_sc_hd__dfxtp_1)
     3    0.01    0.13    0.35    3.35 ^ core.CPU_src1_value_a3[11]$_DFF_P_/Q (sky130_fd_sc_hd__dfxtp_1)
                                         core.CPU_src1_value_a3[11] (net)
                  0.13    0.00    3.35 ^ _05952_/A (sky130_fd_sc_hd__inv_1)
     2    0.01    0.08    0.10    3.45 v _05952_/Y (sky130_fd_sc_hd__inv_1)
                                         _05526_ (net)
                  0.08    0.00    3.45 v _11479_/B (sky130_fd_sc_hd__ha_4)
     9    0.05    0.09    0.29    3.74 v _11479_/SUM (sky130_fd_sc_hd__ha_4)
                                         _05528_ (net)
                  0.09    0.00    3.74 v _08072_/A (sky130_fd_sc_hd__or4_2)
     2    0.01    0.14    0.74    4.48 v _08072_/X (sky130_fd_sc_hd__or4_2)
                                         _02699_ (net)
                  0.14    0.00    4.48 v _08077_/D (sky130_fd_sc_hd__or4_2)
     2    0.02    0.15    0.65    5.13 v _08077_/X (sky130_fd_sc_hd__or4_2)
                                         _02704_ (net)
                  0.15    0.00    5.13 v _08078_/B1 (sky130_fd_sc_hd__a211oi_4)
     2    0.02    0.32    0.36    5.49 ^ _08078_/Y (sky130_fd_sc_hd__a211oi_4)
                                         _02705_ (net)
                  0.32    0.00    5.49 ^ _08288_/A3 (sky130_fd_sc_hd__o311ai_4)
     3    0.03    0.23    0.18    5.67 v _08288_/Y (sky130_fd_sc_hd__o311ai_4)
                                         _02906_ (net)
                  0.23    0.00    5.68 v _08482_/A2 (sky130_fd_sc_hd__a2111oi_2)
     1    0.01    0.46    0.57    6.24 ^ _08482_/Y (sky130_fd_sc_hd__a2111oi_2)
                                         _03092_ (net)
                  0.46    0.00    6.24 ^ _08483_/C1 (sky130_fd_sc_hd__a2111oi_2)
     1    0.01    0.12    0.12    6.37 v _08483_/Y (sky130_fd_sc_hd__a2111oi_2)
                                         _03093_ (net)
                  0.12    0.00    6.37 v _08484_/B (sky130_fd_sc_hd__xnor2_2)
     1    0.02    0.13    0.20    6.57 v _08484_/Y (sky130_fd_sc_hd__xnor2_2)
                                         _03094_ (net)
                  0.13    0.00    6.57 v _08501_/A2 (sky130_fd_sc_hd__a211oi_4)
    17    0.12    1.31    1.09    7.66 ^ _08501_/Y (sky130_fd_sc_hd__a211oi_4)
                                         _03111_ (net)
                  1.31    0.03    7.69 ^ _09965_/A1 (sky130_fd_sc_hd__o21ai_0)
     1    0.00    0.19    0.23    7.92 v _09965_/Y (sky130_fd_sc_hd__o21ai_0)
                                         _01013_ (net)
                  0.19    0.00    7.92 v core.CPU_Xreg_value_a4[9][29]$_SDFFE_PP0P_/D (sky130_fd_sc_hd__dfxtp_1)
                                  7.92   data arrival time

                  0.00   11.55   11.55   clock clk (rise edge)
                          3.00   14.55   clock network delay (ideal)
                         -0.58   13.97   clock uncertainty
                          0.00   13.97   clock reconvergence pessimism
                                 13.97 ^ core.CPU_Xreg_value_a4[9][29]$_SDFFE_PP0P_/CLK (sky130_fd_sc_hd__dfxtp_1)
                         -0.19   13.79   library setup time
                                 13.79   data required time
-----------------------------------------------------------------------------
                                 13.79   data required time
                                 -7.92   data arrival time
-----------------------------------------------------------------------------
                                  5.87   slack (MET)



==========================================================================
detailed place report_checks -unconstrained
--------------------------------------------------------------------------
Startpoint: core.CPU_src1_value_a3[11]$_DFF_P_
            (rising edge-triggered flip-flop clocked by clk)
Endpoint: core.CPU_Xreg_value_a4[9][29]$_SDFFE_PP0P_
          (rising edge-triggered flip-flop clocked by clk)
Path Group: clk
Path Type: max

Fanout     Cap    Slew   Delay    Time   Description
-----------------------------------------------------------------------------
                  0.00    0.00    0.00   clock clk (rise edge)
                          3.00    3.00   clock network delay (ideal)
                  0.00    0.00    3.00 ^ core.CPU_src1_value_a3[11]$_DFF_P_/CLK (sky130_fd_sc_hd__dfxtp_1)
     3    0.01    0.13    0.35    3.35 ^ core.CPU_src1_value_a3[11]$_DFF_P_/Q (sky130_fd_sc_hd__dfxtp_1)
                                         core.CPU_src1_value_a3[11] (net)
                  0.13    0.00    3.35 ^ _05952_/A (sky130_fd_sc_hd__inv_1)
     2    0.01    0.08    0.10    3.45 v _05952_/Y (sky130_fd_sc_hd__inv_1)
                                         _05526_ (net)
                  0.08    0.00    3.45 v _11479_/B (sky130_fd_sc_hd__ha_4)
     9    0.05    0.09    0.29    3.74 v _11479_/SUM (sky130_fd_sc_hd__ha_4)
                                         _05528_ (net)
                  0.09    0.00    3.74 v _08072_/A (sky130_fd_sc_hd__or4_2)
     2    0.01    0.14    0.74    4.48 v _08072_/X (sky130_fd_sc_hd__or4_2)
                                         _02699_ (net)
                  0.14    0.00    4.48 v _08077_/D (sky130_fd_sc_hd__or4_2)
     2    0.02    0.15    0.65    5.13 v _08077_/X (sky130_fd_sc_hd__or4_2)
                                         _02704_ (net)
                  0.15    0.00    5.13 v _08078_/B1 (sky130_fd_sc_hd__a211oi_4)
     2    0.02    0.32    0.36    5.49 ^ _08078_/Y (sky130_fd_sc_hd__a211oi_4)
                                         _02705_ (net)
                  0.32    0.00    5.49 ^ _08288_/A3 (sky130_fd_sc_hd__o311ai_4)
     3    0.03    0.23    0.18    5.67 v _08288_/Y (sky130_fd_sc_hd__o311ai_4)
                                         _02906_ (net)
                  0.23    0.00    5.68 v _08482_/A2 (sky130_fd_sc_hd__a2111oi_2)
     1    0.01    0.46    0.57    6.24 ^ _08482_/Y (sky130_fd_sc_hd__a2111oi_2)
                                         _03092_ (net)
                  0.46    0.00    6.24 ^ _08483_/C1 (sky130_fd_sc_hd__a2111oi_2)
     1    0.01    0.12    0.12    6.37 v _08483_/Y (sky130_fd_sc_hd__a2111oi_2)
                                         _03093_ (net)
                  0.12    0.00    6.37 v _08484_/B (sky130_fd_sc_hd__xnor2_2)
     1    0.02    0.13    0.20    6.57 v _08484_/Y (sky130_fd_sc_hd__xnor2_2)
                                         _03094_ (net)
                  0.13    0.00    6.57 v _08501_/A2 (sky130_fd_sc_hd__a211oi_4)
    17    0.12    1.31    1.09    7.66 ^ _08501_/Y (sky130_fd_sc_hd__a211oi_4)
                                         _03111_ (net)
                  1.31    0.03    7.69 ^ _09965_/A1 (sky130_fd_sc_hd__o21ai_0)
     1    0.00    0.19    0.23    7.92 v _09965_/Y (sky130_fd_sc_hd__o21ai_0)
                                         _01013_ (net)
                  0.19    0.00    7.92 v core.CPU_Xreg_value_a4[9][29]$_SDFFE_PP0P_/D (sky130_fd_sc_hd__dfxtp_1)
                                  7.92   data arrival time

                  0.00   11.55   11.55   clock clk (rise edge)
                          3.00   14.55   clock network delay (ideal)
                         -0.58   13.97   clock uncertainty
                          0.00   13.97   clock reconvergence pessimism
                                 13.97 ^ core.CPU_Xreg_value_a4[9][29]$_SDFFE_PP0P_/CLK (sky130_fd_sc_hd__dfxtp_1)
                         -0.19   13.79   library setup time
                                 13.79   data required time
-----------------------------------------------------------------------------
                                 13.79   data required time
                                 -7.92   data arrival time
-----------------------------------------------------------------------------
                                  5.87   slack (MET)



==========================================================================
detailed place report_check_types -max_slew -max_cap -max_fanout -violators
--------------------------------------------------------------------------
max capacitance

Pin                                    Limit     Cap   Slack
------------------------------------------------------------
_07267_/Y                               0.43    0.43   -0.00 (VIOLATED)


==========================================================================
detailed place max_slew_check_slack
--------------------------------------------------------------------------
0.003463118802756071

==========================================================================
detailed place max_slew_check_limit
--------------------------------------------------------------------------
1.5

==========================================================================
detailed place max_slew_check_slack_limit
--------------------------------------------------------------------------
0.0023

==========================================================================
detailed place max_fanout_check_slack
--------------------------------------------------------------------------
1.0000000150474662e+30

==========================================================================
detailed place max_fanout_check_limit
--------------------------------------------------------------------------
1.0000000150474662e+30

==========================================================================
detailed place max_capacitance_check_slack
--------------------------------------------------------------------------
-0.0006501147290691733

==========================================================================
detailed place max_capacitance_check_limit
--------------------------------------------------------------------------
0.43305400013923645

==========================================================================
detailed place max_capacitance_check_slack_limit
--------------------------------------------------------------------------
-0.0015

==========================================================================
detailed place max_slew_violation_count
--------------------------------------------------------------------------
max slew violation count 0

==========================================================================
detailed place max_fanout_violation_count
--------------------------------------------------------------------------
max fanout violation count 0

==========================================================================
detailed place max_cap_violation_count
--------------------------------------------------------------------------
max cap violation count 1

==========================================================================
detailed place setup_violation_count
--------------------------------------------------------------------------
setup violation count 0

==========================================================================
detailed place hold_violation_count
--------------------------------------------------------------------------
hold violation count 1252

==========================================================================
detailed place report_checks -path_delay max reg to reg
--------------------------------------------------------------------------
Startpoint: core.CPU_src1_value_a3[11]$_DFF_P_
            (rising edge-triggered flip-flop clocked by clk)
Endpoint: core.CPU_Xreg_value_a4[9][29]$_SDFFE_PP0P_
          (rising edge-triggered flip-flop clocked by clk)
Path Group: clk
Path Type: max

  Delay    Time   Description
---------------------------------------------------------
   0.00    0.00   clock clk (rise edge)
   3.00    3.00   clock network delay (ideal)
   0.00    3.00 ^ core.CPU_src1_value_a3[11]$_DFF_P_/CLK (sky130_fd_sc_hd__dfxtp_1)
   0.35    3.35 ^ core.CPU_src1_value_a3[11]$_DFF_P_/Q (sky130_fd_sc_hd__dfxtp_1)
   0.10    3.45 v _05952_/Y (sky130_fd_sc_hd__inv_1)
   0.29    3.74 v _11479_/SUM (sky130_fd_sc_hd__ha_4)
   0.74    4.48 v _08072_/X (sky130_fd_sc_hd__or4_2)
   0.65    5.13 v _08077_/X (sky130_fd_sc_hd__or4_2)
   0.36    5.49 ^ _08078_/Y (sky130_fd_sc_hd__a211oi_4)
   0.18    5.67 v _08288_/Y (sky130_fd_sc_hd__o311ai_4)
   0.57    6.24 ^ _08482_/Y (sky130_fd_sc_hd__a2111oi_2)
   0.12    6.37 v _08483_/Y (sky130_fd_sc_hd__a2111oi_2)
   0.20    6.57 v _08484_/Y (sky130_fd_sc_hd__xnor2_2)
   1.09    7.66 ^ _08501_/Y (sky130_fd_sc_hd__a211oi_4)
   0.26    7.92 v _09965_/Y (sky130_fd_sc_hd__o21ai_0)
   0.00    7.92 v core.CPU_Xreg_value_a4[9][29]$_SDFFE_PP0P_/D (sky130_fd_sc_hd__dfxtp_1)
           7.92   data arrival time

  11.55   11.55   clock clk (rise edge)
   3.00   14.55   clock network delay (ideal)
  -0.58   13.97   clock uncertainty
   0.00   13.97   clock reconvergence pessimism
          13.97 ^ core.CPU_Xreg_value_a4[9][29]$_SDFFE_PP0P_/CLK (sky130_fd_sc_hd__dfxtp_1)
  -0.19   13.79   library setup time
          13.79   data required time
---------------------------------------------------------
          13.79   data required time
          -7.92   data arrival time
---------------------------------------------------------
           5.87   slack (MET)



==========================================================================
detailed place report_checks -path_delay min reg to reg
--------------------------------------------------------------------------
Startpoint: core.CPU_reset_a2$_DFF_P_
            (rising edge-triggered flip-flop clocked by clk)
Endpoint: core.CPU_reset_a3$_DFF_P_
          (rising edge-triggered flip-flop clocked by clk)
Path Group: clk
Path Type: min

  Delay    Time   Description
---------------------------------------------------------
   0.00    0.00   clock clk (rise edge)
   3.00    3.00   clock network delay (ideal)
   0.00    3.00 ^ core.CPU_reset_a2$_DFF_P_/CLK (sky130_fd_sc_hd__dfxtp_1)
   0.28    3.28 ^ core.CPU_reset_a2$_DFF_P_/Q (sky130_fd_sc_hd__dfxtp_1)
   0.00    3.28 ^ core.CPU_reset_a3$_DFF_P_/D (sky130_fd_sc_hd__dfxtp_4)
           3.28   data arrival time

   0.00    0.00   clock clk (rise edge)
   3.00    3.00   clock network delay (ideal)
   0.92    3.92   clock uncertainty
   0.00    3.92   clock reconvergence pessimism
           3.92 ^ core.CPU_reset_a3$_DFF_P_/CLK (sky130_fd_sc_hd__dfxtp_4)
  -0.04    3.89   library hold time
           3.89   data required time
---------------------------------------------------------
           3.89   data required time
          -3.28   data arrival time
---------------------------------------------------------
          -0.61   slack (VIOLATED)



==========================================================================
detailed place critical path target clock latency max path
--------------------------------------------------------------------------
0

==========================================================================
detailed place critical path target clock latency min path
--------------------------------------------------------------------------
0

==========================================================================
detailed place critical path source clock latency min path
--------------------------------------------------------------------------
0

==========================================================================
detailed place critical path delay
--------------------------------------------------------------------------
7.9208

==========================================================================
detailed place critical path slack
--------------------------------------------------------------------------
5.8656

==========================================================================
detailed place slack div critical path delay
--------------------------------------------------------------------------
74.053126

==========================================================================
detailed place report_power
--------------------------------------------------------------------------
Group                  Internal  Switching    Leakage      Total
                          Power      Power      Power      Power (Watts)
----------------------------------------------------------------
Sequential             4.93e-03   9.90e-04   1.04e-08   5.92e-03  48.7%
Combinational          1.76e-03   4.48e-03   1.23e-08   6.24e-03  51.3%
Clock                  0.00e+00   0.00e+00   0.00e+00   0.00e+00   0.0%
Macro                  0.00e+00   0.00e+00   0.00e+00   0.00e+00   0.0%
Pad                    0.00e+00   0.00e+00   0.00e+00   0.00e+00   0.0%
----------------------------------------------------------------
Total                  6.68e-03   5.47e-03   2.27e-08   1.22e-02 100.0%
                          55.0%      45.0%       0.0%
